[debug] [2020-05-26T09:26:44.286Z] ----------------------------------------------------------------------
[debug] [2020-05-26T09:26:44.288Z] Command:       /home/alfie/.nvm/versions/node/v14.3.0/bin/node /mnt/c/Users/Alfie/AppData/Roaming/npm/node_modules/firebase-tools/lib/bin/firebase.js emulators:start --only functions
[debug] [2020-05-26T09:26:44.288Z] CLI Version:   7.16.1
[debug] [2020-05-26T09:26:44.288Z] Platform:      linux
[debug] [2020-05-26T09:26:44.288Z] Node Version:  v14.3.0
[debug] [2020-05-26T09:26:44.289Z] Time:          Tue May 26 2020 11:26:44 GMT+0200 (Central European Summer Time)
[debug] [2020-05-26T09:26:44.289Z] ----------------------------------------------------------------------
[debug] [2020-05-26T09:26:44.289Z] 
[debug] [2020-05-26T09:26:44.296Z] > command requires scopes: ["email","openid","https://www.googleapis.com/auth/cloudplatformprojects.readonly","https://www.googleapis.com/auth/firebase","https://www.googleapis.com/auth/cloud-platform"]
[debug] [2020-05-26T09:26:44.296Z] > authorizing via signed-in user
[info] i  emulators: Starting emulators: functions
[debug] [2020-05-26T09:26:44.324Z] [hub] writing locator at /tmp/hub-corehalla-neue.json
[info] ✔  hub: emulator hub started at http://localhost:4400
[warn] ⚠  Your requested "node" version "8" doesn't match your global version "14"
[info] ✔  functions: functions emulator started at http://localhost:5001
[info] i  functions: Watching "/mnt/c/Users/Alfie/Documents/Projects/Corehalla/Corehalla Neue/Website/App/frontend/functions" for Cloud Functions...
[debug] [2020-05-26T09:26:44.378Z] [worker-pool] addWorker(~diagnostic~)
[debug] [2020-05-26T09:26:44.378Z] [worker-pool] Adding worker with key ~diagnostic~, total=1
[debug] [2020-05-26T09:26:44.378Z] [worker-pool] submitWork(triggerId=)
[debug] [2020-05-26T09:26:44.379Z] [worker-~diagnostic~-2b50a5a3-e7fb-4397-8a9f-bb2d1911b864]: Assigning socketPath: /tmp/fire_emu_14455.sock
[debug] [2020-05-26T09:26:44.379Z] [worker-~diagnostic~-2b50a5a3-e7fb-4397-8a9f-bb2d1911b864]: BUSY
[debug] [2020-05-26T09:26:44.873Z] [runtime-status] [14455] Functions runtime initialized. {"cwd":"/mnt/c/Users/Alfie/Documents/Projects/Corehalla/Corehalla Neue/Website/App/frontend/functions","node_version":"14.3.0"}
[info] >  (node:14455) Warning: Accessing non-existent property 'padLevels' of module exports inside circular dependency
[info] >  (Use `node --trace-warnings ...` to show where the warning was created)
[debug] [2020-05-26T09:26:44.875Z] [runtime-status] [14455] Disabled runtime features: undefined
[debug] [2020-05-26T09:26:44.877Z] [runtime-status] [14455] Resolved module firebase-admin {"declared":true,"installed":true,"version":"8.12.1","resolution":"/mnt/c/Users/Alfie/Documents/Projects/Corehalla/Corehalla Neue/Website/App/frontend/functions/node_modules/firebase-admin/lib/index.js"}
[debug] [2020-05-26T09:26:44.879Z] [runtime-status] [14455] Resolved module firebase-functions {"declared":true,"installed":true,"version":"3.6.1","resolution":"/mnt/c/Users/Alfie/Documents/Projects/Corehalla/Corehalla Neue/Website/App/frontend/functions/node_modules/firebase-functions/lib/index.js"}
[debug] [2020-05-26T09:26:45.112Z] [runtime-status] [14455] Found google-gax at /mnt/c/Users/Alfie/Documents/Projects/Corehalla/Corehalla Neue/Website/App/frontend/functions/node_modules/google-gax/build/src/index.js
[debug] [2020-05-26T09:26:45.112Z] [runtime-status] [14455] Outgoing network have been stubbed. [{"name":"http","status":"mocked"},{"name":"http","status":"mocked"},{"name":"https","status":"mocked"},{"name":"https","status":"mocked"},{"name":"net","status":"mocked"},{"name":"google-gax","status":"mocked"}]
[debug] [2020-05-26T09:26:45.154Z] [runtime-status] [14455] Checked functions.config() {"config":{}}
[debug] [2020-05-26T09:26:45.155Z] [runtime-status] [14455] Resolved module firebase-functions {"declared":true,"installed":true,"version":"3.6.1","resolution":"/mnt/c/Users/Alfie/Documents/Projects/Corehalla/Corehalla Neue/Website/App/frontend/functions/node_modules/firebase-functions/lib/index.js"}
[debug] [2020-05-26T09:26:45.156Z] [runtime-status] [14455] Resolved module firebase-admin {"declared":true,"installed":true,"version":"8.12.1","resolution":"/mnt/c/Users/Alfie/Documents/Projects/Corehalla/Corehalla Neue/Website/App/frontend/functions/node_modules/firebase-admin/lib/index.js"}
[debug] [2020-05-26T09:26:45.156Z] [runtime-status] [14455] Resolved module firebase-functions {"declared":true,"installed":true,"version":"3.6.1","resolution":"/mnt/c/Users/Alfie/Documents/Projects/Corehalla/Corehalla Neue/Website/App/frontend/functions/node_modules/firebase-functions/lib/index.js"}
[debug] [2020-05-26T09:26:45.219Z] [runtime-status] [14455] firebase-admin has been stubbed. {"adminResolution":{"declared":true,"installed":true,"version":"8.12.1","resolution":"/mnt/c/Users/Alfie/Documents/Projects/Corehalla/Corehalla Neue/Website/App/frontend/functions/node_modules/firebase-admin/lib/index.js"}}
[warn] ⚠  Error: Cannot find module '/mnt/c/Users/Alfie/Documents/Projects/Corehalla/Corehalla Neue/Website/App/frontend/functions/lib/index.js'. Please verify that the package.json has a valid "main" entry
    at tryPackage (internal/modules/cjs/loader.js:328:19)
    at Function.Module._findPath (internal/modules/cjs/loader.js:689:18)
    at Function.Module._resolveFilename (internal/modules/cjs/loader.js:1016:27)
    at Function.Module._load (internal/modules/cjs/loader.js:898:27)
    at Module.require (internal/modules/cjs/loader.js:1089:19)
    at require (internal/modules/cjs/helpers.js:73:18)
    at /mnt/c/Users/Alfie/AppData/Roaming/npm/node_modules/firebase-tools/lib/emulator/functionsEmulatorRuntime.js:761:33
    at Generator.next (<anonymous>)
    at fulfilled (/mnt/c/Users/Alfie/AppData/Roaming/npm/node_modules/firebase-tools/lib/emulator/functionsEmulatorRuntime.js:5:58)
    at processTicksAndRejections (internal/process/task_queues.js:97:5)
[warn] ⚠  We were unable to load your functions code. (see above)
   - It appears your code is written in Typescript, which must be compiled before emulation.
   - You may be able to run "npm run build" in your functions directory to resolve this.
[debug] [2020-05-26T09:26:45.234Z] [worker-~diagnostic~-2b50a5a3-e7fb-4397-8a9f-bb2d1911b864]: exited
[debug] [2020-05-26T09:26:45.234Z] [worker-~diagnostic~-2b50a5a3-e7fb-4397-8a9f-bb2d1911b864]: FINISHED
